<?xml version="1.0" encoding="UTF-8"?>
<coverage generated="1781178795372" clover="3.2.0">
  <project timestamp="1781178795372" name="All files">
    <metrics statements="33" coveredstatements="33" conditionals="27" coveredconditionals="25" methods="11" coveredmethods="11" elements="71" coveredelements="69" complexity="0" loc="33" ncloc="33" packages="5" files="10" classes="10"/>
    <package name="assets">
      <metrics statements="0" coveredstatements="0" conditionals="0" coveredconditionals="0" methods="0" coveredmethods="0"/>
      <file name="icon.png" path="/home/adhilsalam/Desktop/python/employee1-app/src/assets/icon.png">
        <metrics statements="0" coveredstatements="0" conditionals="0" coveredconditionals="0" methods="0" coveredmethods="0"/>
      </file>
      <file name="login-left-image-mask.png" path="/home/adhilsalam/Desktop/python/employee1-app/src/assets/login-left-image-mask.png">
        <metrics statements="0" coveredstatements="0" conditionals="0" coveredconditionals="0" methods="0" coveredmethods="0"/>
      </file>
    </package>
    <package name="components.Button">
      <metrics statements="2" coveredstatements="2" conditionals="1" coveredconditionals="1" methods="1" coveredmethods="1"/>
      <file name="Button.tsx" path="/home/adhilsalam/Desktop/python/employee1-app/src/components/Button/Button.tsx">
        <metrics statements="2" coveredstatements="2" conditionals="1" coveredconditionals="1" methods="1" coveredmethods="1"/>
        <line num="11" count="2" type="stmt"/>
        <line num="18" count="72" type="stmt"/>
      </file>
      <file name="style.css" path="/home/adhilsalam/Desktop/python/employee1-app/src/components/Button/style.css">
        <metrics statements="0" coveredstatements="0" conditionals="0" coveredconditionals="0" methods="0" coveredmethods="0"/>
      </file>
    </package>
    <package name="components.Input">
      <metrics statements="2" coveredstatements="2" conditionals="5" coveredconditionals="5" methods="1" coveredmethods="1"/>
      <file name="Input.tsx" path="/home/adhilsalam/Desktop/python/employee1-app/src/components/Input/Input.tsx">
        <metrics statements="2" coveredstatements="2" conditionals="5" coveredconditionals="5" methods="1" coveredmethods="1"/>
        <line num="16" count="3" type="stmt"/>
        <line num="28" count="142" type="stmt"/>
      </file>
      <file name="style.css" path="/home/adhilsalam/Desktop/python/employee1-app/src/components/Input/style.css">
        <metrics statements="0" coveredstatements="0" conditionals="0" coveredconditionals="0" methods="0" coveredmethods="0"/>
      </file>
    </package>
    <package name="components.Select">
      <metrics statements="4" coveredstatements="4" conditionals="3" coveredconditionals="3" methods="2" coveredmethods="2"/>
      <file name="Select.tsx" path="/home/adhilsalam/Desktop/python/employee1-app/src/components/Select/Select.tsx">
        <metrics statements="4" coveredstatements="4" conditionals="3" coveredconditionals="3" methods="2" coveredmethods="2"/>
        <line num="22" count="1" type="stmt"/>
        <line num="34" count="4" type="stmt"/>
        <line num="52" count="1" type="stmt"/>
        <line num="56" count="1" type="stmt"/>
      </file>
      <file name="style.css" path="/home/adhilsalam/Desktop/python/employee1-app/src/components/Select/style.css">
        <metrics statements="0" coveredstatements="0" conditionals="0" coveredconditionals="0" methods="0" coveredmethods="0"/>
      </file>
    </package>
    <package name="pages.login">
      <metrics statements="25" coveredstatements="25" conditionals="18" coveredconditionals="16" methods="7" coveredmethods="7"/>
      <file name="Login.tsx" path="/home/adhilsalam/Desktop/python/employee1-app/src/pages/login/Login.tsx">
        <metrics statements="25" coveredstatements="25" conditionals="18" coveredconditionals="16" methods="7" coveredmethods="7"/>
        <line num="11" count="1" type="stmt"/>
        <line num="12" count="70" type="stmt"/>
        <line num="14" count="70" type="stmt"/>
        <line num="16" count="70" type="stmt"/>
        <line num="21" count="70" type="stmt"/>
        <line num="26" count="70" type="stmt"/>
        <line num="27" count="66" type="cond" truecount="2" falsecount="0"/>
        <line num="29" count="43" type="cond" truecount="4" falsecount="0"/>
        <line num="31" count="43" type="stmt"/>
        <line num="32" count="43" type="stmt"/>
        <line num="36" count="23" type="cond" truecount="4" falsecount="0"/>
        <line num="39" count="23" type="stmt"/>
        <line num="47" count="70" type="stmt"/>
        <line num="48" count="66" type="stmt"/>
        <line num="50" count="66" type="stmt"/>
        <line num="51" count="66" type="stmt"/>
        <line num="57" count="70" type="stmt"/>
        <line num="58" count="2" type="stmt"/>
        <line num="60" count="2" type="stmt"/>
        <line num="61" count="2" type="stmt"/>
        <line num="66" count="1" type="stmt"/>
        <line num="68" count="1" type="stmt"/>
        <line num="70" count="1" type="stmt"/>
        <line num="72" count="1" type="stmt"/>
        <line num="76" count="70" type="stmt"/>
      </file>
      <file name="style.css" path="/home/adhilsalam/Desktop/python/employee1-app/src/pages/login/style.css">
        <metrics statements="0" coveredstatements="0" conditionals="0" coveredconditionals="0" methods="0" coveredmethods="0"/>
      </file>
    </package>
  </project>
</coverage>
