{"/home/adhilsalam/Desktop/python/employee1-app/src/assets/icon.png": {"path":"/home/adhilsalam/Desktop/python/employee1-app/src/assets/icon.png","statementMap":{},"fnMap":{},"branchMap":{},"s":{},"f":{},"b":{},"meta":{"lastBranch":0,"lastFunction":0,"lastStatement":0,"seen":{},"fnNames":{}}}
,"/home/adhilsalam/Desktop/python/employee1-app/src/assets/login-left-image-mask.png": {"path":"/home/adhilsalam/Desktop/python/employee1-app/src/assets/login-left-image-mask.png","statementMap":{},"fnMap":{},"branchMap":{},"s":{},"f":{},"b":{},"meta":{"lastBranch":0,"lastFunction":0,"lastStatement":0,"seen":{},"fnNames":{}}}
,"/home/adhilsalam/Desktop/python/employee1-app/src/components/Button/Button.tsx": {"path":"/home/adhilsalam/Desktop/python/employee1-app/src/components/Button/Button.tsx","statementMap":{"0":{"start":{"line":11,"column":6},"end":{"line":23,"column":null}},"1":{"start":{"line":18,"column":2},"end":{"line":21,"column":null}}},"fnMap":{"0":{"name":"(anonymous_0)","decl":{"start":{"line":11,"column":6},"end":{"line":11,"column":39}},"loc":{"start":{"line":17,"column":6},"end":{"line":23,"column":null}},"line":17}},"branchMap":{"0":{"loc":{"start":{"line":12,"column":2},"end":{"line":12,"column":null}},"type":"default-arg","locations":[{"start":{"line":12,"column":9},"end":{"line":12,"column":null}}],"line":12}},"s":{"0":2,"1":72},"f":{"0":72},"b":{"0":[72]},"meta":{"lastBranch":1,"lastFunction":1,"lastStatement":2,"seen":{"s:11:6:23:Infinity":0,"f:11:6:11:39":0,"b:12:9:12:Infinity":0,"s:18:2:21:Infinity":1},"fnNames":{}}}
,"/home/adhilsalam/Desktop/python/employee1-app/src/components/Button/style.css": {"path":"/home/adhilsalam/Desktop/python/employee1-app/src/components/Button/style.css","statementMap":{},"fnMap":{},"branchMap":{},"s":{},"f":{},"b":{},"meta":{"lastBranch":0,"lastFunction":0,"lastStatement":0,"seen":{},"fnNames":{}}}
,"/home/adhilsalam/Desktop/python/employee1-app/src/components/Input/Input.tsx": {"path":"/home/adhilsalam/Desktop/python/employee1-app/src/components/Input/Input.tsx","statementMap":{"0":{"start":{"line":16,"column":6},"end":{"line":44,"column":null}},"1":{"start":{"line":28,"column":2},"end":{"line":42,"column":null}}},"fnMap":{"0":{"name":"(anonymous_0)","decl":{"start":{"line":16,"column":6},"end":{"line":16,"column":37}},"loc":{"start":{"line":27,"column":6},"end":{"line":44,"column":null}},"line":27}},"branchMap":{"0":{"loc":{"start":{"line":22,"column":2},"end":{"line":22,"column":null}},"type":"default-arg","locations":[{"start":{"line":22,"column":14},"end":{"line":22,"column":null}}],"line":22},"1":{"loc":{"start":{"line":23,"column":2},"end":{"line":23,"column":null}},"type":"default-arg","locations":[{"start":{"line":23,"column":23},"end":{"line":23,"column":null}}],"line":23},"2":{"loc":{"start":{"line":26,"column":2},"end":{"line":26,"column":null}},"type":"default-arg","locations":[{"start":{"line":26,"column":15},"end":{"line":26,"column":null}}],"line":26},"3":{"loc":{"start":{"line":30,"column":7},"end":{"line":31,"column":7}},"type":"binary-expr","locations":[{"start":{"line":30,"column":7},"end":{"line":30,"column":16}},{"start":{"line":30,"column":16},"end":{"line":31,"column":7}}],"line":30}},"s":{"0":3,"1":142},"f":{"0":142},"b":{"0":[142],"1":[142],"2":[142],"3":[142,1]},"meta":{"lastBranch":4,"lastFunction":1,"lastStatement":2,"seen":{"s:16:6:44:Infinity":0,"f:16:6:16:37":0,"b:22:14:22:Infinity":0,"b:23:23:23:Infinity":1,"b:26:15:26:Infinity":2,"s:28:2:42:Infinity":1,"b:30:7:30:16:30:16:31:7":3},"fnNames":{}}}
,"/home/adhilsalam/Desktop/python/employee1-app/src/components/Input/style.css": {"path":"/home/adhilsalam/Desktop/python/employee1-app/src/components/Input/style.css","statementMap":{},"fnMap":{},"branchMap":{},"s":{},"f":{},"b":{},"meta":{"lastBranch":0,"lastFunction":0,"lastStatement":0,"seen":{},"fnNames":{}}}
,"/home/adhilsalam/Desktop/python/employee1-app/src/components/Select/Select.tsx": {"path":"/home/adhilsalam/Desktop/python/employee1-app/src/components/Select/Select.tsx","statementMap":{"0":{"start":{"line":22,"column":13},"end":{"line":50,"column":null}},"1":{"start":{"line":34,"column":2},"end":{"line":48,"column":null}},"2":{"start":{"line":52,"column":13},"end":{"line":57,"column":null}},"3":{"start":{"line":56,"column":2},"end":{"line":56,"column":null}}},"fnMap":{"0":{"name":"(anonymous_0)","decl":{"start":{"line":22,"column":13},"end":{"line":22,"column":46}},"loc":{"start":{"line":33,"column":6},"end":{"line":50,"column":null}},"line":33},"1":{"name":"(anonymous_1)","decl":{"start":{"line":52,"column":13},"end":{"line":52,"column":58}},"loc":{"start":{"line":55,"column":6},"end":{"line":57,"column":null}},"line":55}},"branchMap":{"0":{"loc":{"start":{"line":24,"column":2},"end":{"line":24,"column":null}},"type":"default-arg","locations":[{"start":{"line":24,"column":15},"end":{"line":24,"column":null}}],"line":24},"1":{"loc":{"start":{"line":36,"column":7},"end":{"line":37,"column":7}},"type":"binary-expr","locations":[{"start":{"line":36,"column":7},"end":{"line":36,"column":16}},{"start":{"line":36,"column":16},"end":{"line":37,"column":7}}],"line":36}},"s":{"0":1,"1":4,"2":1,"3":1},"f":{"0":4,"1":1},"b":{"0":[4],"1":[4,3]},"meta":{"lastBranch":2,"lastFunction":2,"lastStatement":4,"seen":{"s:22:13:50:Infinity":0,"f:22:13:22:46":0,"b:24:15:24:Infinity":0,"s:34:2:48:Infinity":1,"b:36:7:36:16:36:16:37:7":1,"s:52:13:57:Infinity":2,"f:52:13:52:58":1,"s:56:2:56:Infinity":3},"fnNames":{}}}
,"/home/adhilsalam/Desktop/python/employee1-app/src/components/Select/style.css": {"path":"/home/adhilsalam/Desktop/python/employee1-app/src/components/Select/style.css","statementMap":{},"fnMap":{},"branchMap":{},"s":{},"f":{},"b":{},"meta":{"lastBranch":0,"lastFunction":0,"lastStatement":0,"seen":{},"fnNames":{}}}
,"/home/adhilsalam/Desktop/python/employee1-app/src/pages/login/Login.tsx": {"path":"/home/adhilsalam/Desktop/python/employee1-app/src/pages/login/Login.tsx","statementMap":{"0":{"start":{"line":11,"column":6},"end":{"line":135,"column":null}},"1":{"start":{"line":12,"column":8},"end":{"line":12,"column":null}},"2":{"start":{"line":14,"column":29},"end":{"line":14,"column":null}},"3":{"start":{"line":16,"column":15},"end":{"line":19,"column":null}},"4":{"start":{"line":21,"column":17},"end":{"line":24,"column":null}},"5":{"start":{"line":26,"column":8},"end":{"line":45,"column":null}},"6":{"start":{"line":27,"column":4},"end":{"line":44,"column":null}},"7":{"start":{"line":29,"column":25},"end":{"line":29,"column":null}},"8":{"start":{"line":31,"column":8},"end":{"line":31,"column":null}},"9":{"start":{"line":31,"column":29},"end":{"line":31,"column":61}},"10":{"start":{"line":32,"column":8},"end":{"line":32,"column":null}},"11":{"start":{"line":36,"column":10},"end":{"line":38,"column":null}},"12":{"start":{"line":39,"column":8},"end":{"line":42,"column":null}},"13":{"start":{"line":39,"column":29},"end":{"line":42,"column":10}},"14":{"start":{"line":47,"column":8},"end":{"line":55,"column":null}},"15":{"start":{"line":48,"column":28},"end":{"line":48,"column":null}},"16":{"start":{"line":50,"column":4},"end":{"line":50,"column":null}},"17":{"start":{"line":51,"column":4},"end":{"line":54,"column":null}},"18":{"start":{"line":51,"column":23},"end":{"line":54,"column":6}},"19":{"start":{"line":57,"column":23},"end":{"line":74,"column":null}},"20":{"start":{"line":58,"column":2},"end":{"line":58,"column":null}},"21":{"start":{"line":60,"column":2},"end":{"line":73,"column":null}},"22":{"start":{"line":61,"column":21},"end":{"line":64,"column":null}},"23":{"start":{"line":66,"column":4},"end":{"line":66,"column":null}},"24":{"start":{"line":68,"column":4},"end":{"line":68,"column":null}},"25":{"start":{"line":70,"column":4},"end":{"line":70,"column":null}},"26":{"start":{"line":72,"column":4},"end":{"line":72,"column":null}},"27":{"start":{"line":76,"column":2},"end":{"line":133,"column":null}}},"fnMap":{"0":{"name":"(anonymous_0)","decl":{"start":{"line":11,"column":6},"end":{"line":11,"column":20}},"loc":{"start":{"line":11,"column":20},"end":{"line":135,"column":null}},"line":11},"1":{"name":"(anonymous_1)","decl":{"start":{"line":26,"column":8},"end":{"line":26,"column":25}},"loc":{"start":{"line":26,"column":57},"end":{"line":45,"column":null}},"line":26},"2":{"name":"(anonymous_2)","decl":{"start":{"line":31,"column":8},"end":{"line":31,"column":19}},"loc":{"start":{"line":31,"column":29},"end":{"line":31,"column":61}},"line":31},"3":{"name":"(anonymous_3)","decl":{"start":{"line":39,"column":8},"end":{"line":39,"column":19}},"loc":{"start":{"line":39,"column":29},"end":{"line":42,"column":10}},"line":39},"4":{"name":"(anonymous_4)","decl":{"start":{"line":47,"column":8},"end":{"line":47,"column":24}},"loc":{"start":{"line":47,"column":67},"end":{"line":55,"column":null}},"line":47},"5":{"name":"(anonymous_5)","decl":{"start":{"line":51,"column":4},"end":{"line":51,"column":13}},"loc":{"start":{"line":51,"column":23},"end":{"line":54,"column":6}},"line":51},"6":{"name":"(anonymous_6)","decl":{"start":{"line":57,"column":23},"end":{"line":57,"column":30}},"loc":{"start":{"line":57,"column":70},"end":{"line":74,"column":null}},"line":57}},"branchMap":{"0":{"loc":{"start":{"line":27,"column":4},"end":{"line":44,"column":null}},"type":"switch","locations":[{"start":{"line":28,"column":6},"end":{"line":33,"column":null}},{"start":{"line":34,"column":6},"end":{"line":43,"column":null}}],"line":27},"1":{"loc":{"start":{"line":29,"column":25},"end":{"line":29,"column":null}},"type":"cond-expr","locations":[{"start":{"line":29,"column":57},"end":{"line":29,"column":76}},{"start":{"line":29,"column":76},"end":{"line":29,"column":null}}],"line":29},"2":{"loc":{"start":{"line":29,"column":25},"end":{"line":29,"column":57}},"type":"binary-expr","locations":[{"start":{"line":29,"column":25},"end":{"line":29,"column":34}},{"start":{"line":29,"column":34},"end":{"line":29,"column":57}}],"line":29},"3":{"loc":{"start":{"line":36,"column":10},"end":{"line":38,"column":null}},"type":"cond-expr","locations":[{"start":{"line":37,"column":14},"end":{"line":37,"column":null}},{"start":{"line":38,"column":14},"end":{"line":38,"column":null}}],"line":36},"4":{"loc":{"start":{"line":36,"column":10},"end":{"line":36,"column":null}},"type":"binary-expr","locations":[{"start":{"line":36,"column":10},"end":{"line":36,"column":19}},{"start":{"line":36,"column":19},"end":{"line":36,"column":null}}],"line":36},"5":{"loc":{"start":{"line":100,"column":13},"end":{"line":101,"column":null}},"type":"binary-expr","locations":[{"start":{"line":100,"column":13},"end":{"line":100,"column":null}},{"start":{"line":101,"column":14},"end":{"line":101,"column":null}}],"line":100},"6":{"loc":{"start":{"line":115,"column":13},"end":{"line":116,"column":null}},"type":"binary-expr","locations":[{"start":{"line":115,"column":13},"end":{"line":115,"column":null}},{"start":{"line":116,"column":14},"end":{"line":116,"column":null}}],"line":115},"7":{"loc":{"start":{"line":118,"column":15},"end":{"line":121,"column":null}},"type":"binary-expr","locations":[{"start":{"line":118,"column":15},"end":{"line":118,"column":null}},{"start":{"line":119,"column":2},"end":{"line":121,"column":null}}],"line":118},"8":{"loc":{"start":{"line":128,"column":17},"end":{"line":128,"column":null}},"type":"cond-expr","locations":[{"start":{"line":128,"column":29},"end":{"line":128,"column":47}},{"start":{"line":128,"column":47},"end":{"line":128,"column":null}}],"line":128}},"s":{"0":1,"1":70,"2":70,"3":70,"4":70,"5":70,"6":66,"7":43,"8":43,"9":43,"10":43,"11":23,"12":23,"13":23,"14":70,"15":66,"16":66,"17":66,"18":66,"19":70,"20":2,"21":2,"22":2,"23":1,"24":1,"25":1,"26":1,"27":70},"f":{"0":70,"1":66,"2":43,"3":23,"4":66,"5":66,"6":2},"b":{"0":[43,23],"1":[23,20],"2":[43,43],"3":[15,8],"4":[23,23],"5":[70,24],"6":[70,15],"7":[70,0],"8":[0,70]},"meta":{"lastBranch":9,"lastFunction":7,"lastStatement":28,"seen":{"s:11:6:135:Infinity":0,"f:11:6:11:20":0,"s:12:8:12:Infinity":1,"s:14:29:14:Infinity":2,"s:16:15:19:Infinity":3,"s:21:17:24:Infinity":4,"s:26:8:45:Infinity":5,"f:26:8:26:25":1,"b:28:6:33:Infinity:34:6:43:Infinity":0,"s:27:4:44:Infinity":6,"s:29:25:29:Infinity":7,"b:29:57:29:76:29:76:29:Infinity":1,"b:29:25:29:34:29:34:29:57":2,"s:31:8:31:Infinity":8,"f:31:8:31:19":2,"s:31:29:31:61":9,"s:32:8:32:Infinity":10,"s:36:10:38:Infinity":11,"b:37:14:37:Infinity:38:14:38:Infinity":3,"b:36:10:36:19:36:19:36:Infinity":4,"s:39:8:42:Infinity":12,"f:39:8:39:19":3,"s:39:29:42:10":13,"s:47:8:55:Infinity":14,"f:47:8:47:24":4,"s:48:28:48:Infinity":15,"s:50:4:50:Infinity":16,"s:51:4:54:Infinity":17,"f:51:4:51:13":5,"s:51:23:54:6":18,"s:57:23:74:Infinity":19,"f:57:23:57:30":6,"s:58:2:58:Infinity":20,"s:60:2:73:Infinity":21,"s:61:21:64:Infinity":22,"s:66:4:66:Infinity":23,"s:68:4:68:Infinity":24,"s:70:4:70:Infinity":25,"s:72:4:72:Infinity":26,"s:76:2:133:Infinity":27,"b:100:13:100:Infinity:101:14:101:Infinity":5,"b:115:13:115:Infinity:116:14:116:Infinity":6,"b:118:15:118:Infinity:119:2:121:Infinity":7,"b:128:29:128:47:128:47:128:Infinity":8},"fnNames":{}}}
,"/home/adhilsalam/Desktop/python/employee1-app/src/pages/login/style.css": {"path":"/home/adhilsalam/Desktop/python/employee1-app/src/pages/login/style.css","statementMap":{},"fnMap":{},"branchMap":{},"s":{},"f":{},"b":{},"meta":{"lastBranch":0,"lastFunction":0,"lastStatement":0,"seen":{},"fnNames":{}}}
}
